<?xml version="1.0" encoding="UTF-8"?>
<!-- Generated by org.testng.reporters.JUnitReportReporter -->
<testsuite hostname="DESKTOP-2NVGS53" failures="0" tests="1" name="com.inetbanking.testCases.TC_CreateAccountTest_006" time="37.389" errors="0" timestamp="2024-02-08T10:35:04 IST" skipped="0">
  <testcase classname="com.inetbanking.testCases.TC_CreateAccountTest_006" name="createAccountTest" time="37.389"/>
</testsuite> <!-- com.inetbanking.testCases.TC_CreateAccountTest_006 -->
