<?xml version="1.0" encoding="UTF-8"?>
<!-- Generated by org.testng.reporters.JUnitReportReporter -->
<testsuite hostname="DESKTOP-2NVGS53" failures="0" tests="5" name="com.inetbanking.testCases.TC_LoginTestTDD_002" time="38.122" errors="0" timestamp="2024-03-11T10:29:15 IST" skipped="0">
  <testcase classname="com.inetbanking.testCases.TC_LoginTestTDD_002" name="loginTDD" time="7.087"/>
  <testcase classname="com.inetbanking.testCases.TC_LoginTestTDD_002" name="loginTDD" time="7.439"/>
  <testcase classname="com.inetbanking.testCases.TC_LoginTestTDD_002" name="loginTDD" time="7.245"/>
  <testcase classname="com.inetbanking.testCases.TC_LoginTestTDD_002" name="loginTDD" time="7.006"/>
  <testcase classname="com.inetbanking.testCases.TC_LoginTestTDD_002" name="loginTDD" time="9.345"/>
</testsuite> <!-- com.inetbanking.testCases.TC_LoginTestTDD_002 -->
