<?xml version="1.0" encoding="UTF-8"?>
<!-- Generated by org.testng.reporters.JUnitReportReporter -->
<testsuite hostname="DESKTOP-2NVGS53" failures="0" tests="1" name="com.inetbanking.testCases.TC_EditAccountTest_007" time="3.432" errors="0" timestamp="2024-02-08T11:29:17 IST" skipped="0">
  <testcase classname="com.inetbanking.testCases.TC_EditAccountTest_007" name="editAccount" time="3.432"/>
</testsuite> <!-- com.inetbanking.testCases.TC_EditAccountTest_007 -->
