<?xml version="1.0" encoding="UTF-8"?>
<!-- Generated by org.testng.reporters.JUnitReportReporter -->
<testsuite hostname="DESKTOP-2NVGS53" failures="0" tests="1" name="com.inetbanking.testCases.TC_FundTransferTest_011" time="5.544" errors="0" timestamp="2024-03-11T11:45:25 IST" skipped="0">
  <testcase classname="com.inetbanking.testCases.TC_FundTransferTest_011" name="fundTransfer" time="5.544"/>
</testsuite> <!-- com.inetbanking.testCases.TC_FundTransferTest_011 -->
