<?xml version="1.0" encoding="UTF-8"?>
<!-- Generated by org.testng.reporters.JUnitReportReporter -->
<testsuite hostname="DESKTOP-2NVGS53" failures="0" tests="1" name="com.inetbanking.testCases.TC_AddCustomerTest_003" time="21.000" errors="0" timestamp="2024-02-06T12:42:39 IST" skipped="0">
  <testcase classname="com.inetbanking.testCases.TC_AddCustomerTest_003" name="addNewCustomer" time="21.000"/>
</testsuite> <!-- com.inetbanking.testCases.TC_AddCustomerTest_003 -->
