<?xml version="1.0" encoding="UTF-8"?>
<!-- Generated by org.testng.reporters.JUnitReportReporter -->
<testsuite hostname="DESKTOP-2NVGS53" failures="0" tests="1" name="com.inetbanking.testCases.TC_BalanceEnquiryTest_012" time="5.805" errors="0" timestamp="2024-02-08T17:50:55 IST" skipped="0">
  <testcase classname="com.inetbanking.testCases.TC_BalanceEnquiryTest_012" name="balanceEnquiry" time="5.805"/>
</testsuite> <!-- com.inetbanking.testCases.TC_BalanceEnquiryTest_012 -->
