<?xml version="1.0" encoding="UTF-8"?>
<!-- Generated by org.testng.reporters.JUnitReportReporter -->
<testsuite hostname="DESKTOP-2NVGS53" failures="0" tests="1" name="com.inetbanking.testCases.TC_DeleteAccountPageTest_008" time="4.705" errors="0" timestamp="2024-02-08T13:07:26 IST" skipped="0">
  <testcase classname="com.inetbanking.testCases.TC_DeleteAccountPageTest_008" name="deleteAccount" time="4.705"/>
</testsuite> <!-- com.inetbanking.testCases.TC_DeleteAccountPageTest_008 -->
