<?xml version="1.0" encoding="UTF-8"?>
<!-- Generated by org.testng.reporters.JUnitReportReporter -->
<testsuite hostname="DESKTOP-2NVGS53" failures="0" tests="1" name="com.inetbanking.testCases.TC_FundTransferTest_011" time="4.426" errors="0" timestamp="2024-02-08T17:12:33 IST" skipped="0">
  <testcase classname="com.inetbanking.testCases.TC_FundTransferTest_011" name="fundTransfer" time="4.426"/>
</testsuite> <!-- com.inetbanking.testCases.TC_FundTransferTest_011 -->
