<?xml version="1.0" encoding="UTF-8"?>
<!-- Generated by org.testng.reporters.JUnitReportReporter -->
<testsuite hostname="DESKTOP-2NVGS53" failures="0" tests="1" name="com.inetbanking.testCases.TC_CustomStatementTest_014" time="6.235" errors="0" timestamp="2024-02-21T11:36:44 IST" skipped="0">
  <testcase classname="com.inetbanking.testCases.TC_CustomStatementTest_014" name="customizedStatement" time="6.235"/>
</testsuite> <!-- com.inetbanking.testCases.TC_CustomStatementTest_014 -->
