<?xml version="1.0" encoding="UTF-8"?>
<!-- Generated by org.testng.reporters.JUnitReportReporter -->
<testsuite hostname="DESKTOP-2NVGS53" failures="0" tests="1" name="com.inetbanking.testCases.TC_DepositePageTest_009" time="3.856" errors="0" timestamp="2024-02-08T14:40:51 IST" skipped="0">
  <testcase classname="com.inetbanking.testCases.TC_DepositePageTest_009" name="depositeAmount" time="3.856"/>
</testsuite> <!-- com.inetbanking.testCases.TC_DepositePageTest_009 -->
