<?xml version="1.0" encoding="UTF-8"?>
<!-- Generated by org.testng.reporters.JUnitReportReporter -->
<testsuite hostname="DESKTOP-2NVGS53" failures="0" tests="1" name="com.inetbanking.testCases.TC_CreateAccountTest_006" time="10.752" errors="0" timestamp="2024-03-11T11:22:56 IST" skipped="0">
  <testcase classname="com.inetbanking.testCases.TC_CreateAccountTest_006" name="createAccountTest" time="10.752"/>
</testsuite> <!-- com.inetbanking.testCases.TC_CreateAccountTest_006 -->
