<?xml version="1.0" encoding="UTF-8"?>
<!-- Generated by org.testng.reporters.JUnitReportReporter -->
<testsuite hostname="DESKTOP-2NVGS53" failures="0" tests="1" name="com.inetbanking.testCases.TC_WithdrawalTest_010" time="5.918" errors="0" timestamp="2024-02-08T15:48:49 IST" skipped="0">
  <testcase classname="com.inetbanking.testCases.TC_WithdrawalTest_010" name="withdrawlAmount" time="5.918"/>
</testsuite> <!-- com.inetbanking.testCases.TC_WithdrawalTest_010 -->
