<?xml version="1.0" encoding="UTF-8"?>
<!-- Generated by org.testng.reporters.JUnitReportReporter -->
<testsuite hostname="DESKTOP-2NVGS53" failures="0" tests="1" name="com.inetbanking.testCases.TC_MiniStatementTest_013" time="4.009" errors="0" timestamp="2024-02-08T21:15:04 IST" skipped="0">
  <testcase classname="com.inetbanking.testCases.TC_MiniStatementTest_013" name="miniStatement" time="4.009"/>
</testsuite> <!-- com.inetbanking.testCases.TC_MiniStatementTest_013 -->
